<?xml version="1.0" encoding="UTF-8" ?>
<testsuite failures="0" time="0.392" errors="0" skipped="0" tests="12" name="fi.wakr.logiikka.MTAATest">
  <properties>
[...]
</properties>
  <testcase time="0.021" classname="fi.wakr.logiikka.MTAATest" name="miniKarttaPolkuOikein"/>
  <testcase time="0.011" classname="fi.wakr.logiikka.MTAATest" name="miniKarttaEsteellaPolkuOikein"/>
  <testcase time="0.012" classname="fi.wakr.logiikka.MTAATest" name="serpenttiiniPolkuOikein"/>
  <testcase time="0.293" classname="fi.wakr.logiikka.MTAATest" name="jattiKartassaHakuNOpeaa"/>
  <testcase time="0.015" classname="fi.wakr.logiikka.MTAATest" name="maaliLoydetaanHaunJalkeenPieniKartasta"/>
  <testcase time="0.008" classname="fi.wakr.logiikka.MTAATest" name="lyhinPolkuLoydetaan"/>
  <testcase time="0.004" classname="fi.wakr.logiikka.MTAATest" name="lyhinPolkuLoydetaan2"/>
  <testcase time="0.005" classname="fi.wakr.logiikka.MTAATest" name="lyhinPolkuLoydetaan3"/>
  <testcase time="0" classname="fi.wakr.logiikka.MTAATest" name="etaisyydetAlkuunOvatOikeatPienella"/>
  <testcase time="0.003" classname="fi.wakr.logiikka.MTAATest" name="etaisyydetAlkuunOvatOikeatEsteella"/>
  <testcase time="0.002" classname="fi.wakr.logiikka.MTAATest" name="etaisyydetAlkuunOvatOikeatSerpettiiniKentalla"/>
  <testcase time="0.007" classname="fi.wakr.logiikka.MTAATest" name="kuvastaLoydetaanLyhinPolku"/>
</testsuite>